[debug] [2025-05-14T00:25:21.364Z] ----------------------------------------------------------------------
[debug] [2025-05-14T00:25:21.367Z] Command:       /nix/store/rbdrkcs5kkwpalxcd7c6bnm33lk2955n-nodejs-20.19.0/bin/node /nix/store/h4vwr7z06qfjp6g97is2nhmki2jfwlgd-firebase-tools-14.2.2/lib/node_modules/firebase-tools/lib/bin/firebase.js login --no-localhost
[debug] [2025-05-14T00:25:21.368Z] CLI Version:   14.2.2
[debug] [2025-05-14T00:25:21.368Z] Platform:      linux
[debug] [2025-05-14T00:25:21.368Z] Node Version:  v20.19.0
[debug] [2025-05-14T00:25:21.369Z] Time:          Wed May 14 2025 00:25:21 GMT+0000 (Coordinated Universal Time)
[debug] [2025-05-14T00:25:21.369Z] ----------------------------------------------------------------------
[debug] 
[debug] [2025-05-14T00:25:21.372Z] >>> [apiv2][query] GET https://firebase-public.firebaseio.com/cli.json [none]
[info] i  Firebase optionally collects CLI and Emulator Suite usage and error reporting information to help improve our products. Data is collected in accordance with Google's privacy policy (https://policies.google.com/privacy) and is not used to identify you.
 
[debug] [2025-05-14T00:25:22.302Z] <<< [apiv2][status] GET https://firebase-public.firebaseio.com/cli.json 200
[debug] [2025-05-14T00:25:22.303Z] <<< [apiv2][body] GET https://firebase-public.firebaseio.com/cli.json {"cloudBuildErrorAfter":1594252800000,"cloudBuildWarnAfter":1590019200000,"defaultNode10After":1594252800000,"minVersion":"3.0.5","node8DeploysDisabledAfter":1613390400000,"node8RuntimeDisabledAfter":1615809600000,"node8WarnAfter":1600128000000}
[info] i  To change your data collection preference at any time, run `firebase logout` and log in again. 
[debug] [2025-05-14T00:26:43.413Z] >>> [apiv2][query] POST https://auth.firebase.tools/attest [none]
[debug] [2025-05-14T00:26:43.414Z] >>> [apiv2][body] POST https://auth.firebase.tools/attest {"session_id":"9f6f7553-b172-4930-adaf-50db67350050"}
[debug] [2025-05-14T00:26:43.651Z] <<< [apiv2][status] POST https://auth.firebase.tools/attest 200
[debug] [2025-05-14T00:26:43.652Z] <<< [apiv2][body] POST https://auth.firebase.tools/attest {"token":"hR9fqZBpO5hUo6QRNONkwZRRgzwQ-1ZS7gkQmMaWN_M"}
[info] 
[info] To sign in to the Firebase CLI:
[info] 
[info] 1. Take note of your session ID:
[info] 
[info]    9F6F7
[info] 
[info] 2. Visit the URL below on any device and follow the instructions to get your code:
[info] 
[info]    https://auth.firebase.tools/login?code_challenge=1gVTnXd33wtz84k4axqHq4xwtLjypRDgcRd3erfB8dA&session=9f6f7553-b172-4930-adaf-50db67350050&attest=hR9fqZBpO5hUo6QRNONkwZRRgzwQ-1ZS7gkQmMaWN_M
[info] 
[info] 3. Paste or enter the authorization code below once you have it:
[info] 
